version: 2

#
# filter: objectclass=*
# requesting: ALL
#

# di, dc=uevora, dc=pt
dn: dc=di, dc=uevora, dc=pt
objectClass: top
objectClass: domain
dc: di

# People, dc=di, dc=uevora, dc=pt
dn: ou=People, dc=di, dc=uevora, dc=pt
objectClass: top
objectClass: organizationalUnit
ou: People

# admin, People, dc=di, dc=uevora, dc=pt
dn: cn=admin, ou=People, dc=di, dc=uevora, dc=pt
objectClass: top
cn: admin

# Roaming, dc=di,dc=uevora,dc=pt
dn: ou=Roaming, dc=di,dc=uevora,dc=pt
objectClass: top
objectClass: organizationalUnit

# search result
search: 2
result: 0 Success

# numResponses: 5
# numEntries: 4
